# JRE version: OpenJDK Runtime Environment (8.0_242-b01) (build 1.8.0_242-release-1644-b01)
# Java VM: OpenJDK 64-Bit Server VM (25.242-b01 mixed mode windows-amd64 compressed oops)
Heap:
 PSYoungGen      total 240640K, used 105545K [0x00000000d5580000, 0x00000000ea880000, 0x0000000100000000)
  eden space 217600K, 37% used [0x00000000d5580000,0x00000000da614480,0x00000000e2a00000)
  from space 23040K, 99% used [0x00000000e2a00000,0x00000000e407e060,0x00000000e4080000)
  to   space 33280K, 0% used [0x00000000e8800000,0x00000000e8800000,0x00000000ea880000)
 ParOldGen       total 134144K, used 58432K [0x0000000080000000, 0x0000000088300000, 0x00000000d5580000)
  object space 134144K, 43% used [0x0000000080000000,0x0000000083910098,0x0000000088300000)
 Metaspace       used 82274K, capacity 86932K, committed 87000K, reserved 1124352K
  class space    used 11283K, capacity 12244K, committed 12288K, reserved 1048576K
GC Heap History (10 events):
Event: 8.624 GC heap before
{Heap before GC invocations=14 (full 2):
 PSYoungGen      total 166400K, used 75334K [0x00000000d5580000, 0x00000000e2a00000, 0x0000000100000000)
  eden space 154624K, 41% used [0x00000000d5580000,0x00000000d93987c8,0x00000000dec80000)
  from space 11776K, 99% used [0x00000000dec80000,0x00000000df7f9320,0x00000000df800000)
  to   space 16896K, 0% used [0x00000000e1980000,0x00000000e1980000,0x00000000e2a00000)
 ParOldGen       total 83456K, used 25753K [0x0000000080000000, 0x0000000085180000, 0x00000000d5580000)
  object space 83456K, 30% used [0x0000000080000000,0x00000000819266a8,0x0000000085180000)
 Metaspace       used 56458K, capacity 58906K, committed 59028K, reserved 1099776K
  class space    used 7733K, capacity 8254K, committed 8320K, reserved 1048576K
Event: 8.644 GC heap after
Heap after GC invocations=14 (full 2):
 PSYoungGen      total 201216K, used 7538K [0x00000000d5580000, 0x00000000e3b00000, 0x0000000100000000)
  eden space 184320K, 0% used [0x00000000d5580000,0x00000000d5580000,0x00000000e0980000)
  from space 16896K, 44% used [0x00000000e1980000,0x00000000e20dc8f8,0x00000000e2a00000)
  to   space 16384K, 0% used [0x00000000e0980000,0x00000000e0980000,0x00000000e1980000)
 ParOldGen       total 83456K, used 37427K [0x0000000080000000, 0x0000000085180000, 0x00000000d5580000)
  object space 83456K, 44% used [0x0000000080000000,0x000000008248cc58,0x0000000085180000)
 Metaspace       used 56458K, capacity 58906K, committed 59028K, reserved 1099776K
  class space    used 7733K, capacity 8254K, committed 8320K, reserved 1048576K
}
Event: 8.644 GC heap before
{Heap before GC invocations=15 (full 3):
 PSYoungGen      total 201216K, used 7538K [0x00000000d5580000, 0x00000000e3b00000, 0x0000000100000000)
  eden space 184320K, 0% used [0x00000000d5580000,0x00000000d5580000,0x00000000e0980000)
  from space 16896K, 44% used [0x00000000e1980000,0x00000000e20dc8f8,0x00000000e2a00000)
  to   space 16384K, 0% used [0x00000000e0980000,0x00000000e0980000,0x00000000e1980000)
 ParOldGen       total 83456K, used 37427K [0x0000000080000000, 0x0000000085180000, 0x00000000d5580000)
  object space 83456K, 44% used [0x0000000080000000,0x000000008248cc58,0x0000000085180000)
 Metaspace       used 56458K, capacity 58906K, committed 59028K, reserved 1099776K
  class space    used 7733K, capacity 8254K, committed 8320K, reserved 1048576K
Event: 8.863 GC heap after
Heap after GC invocations=15 (full 3):
 PSYoungGen      total 201216K, used 0K [0x00000000d5580000, 0x00000000e3b00000, 0x0000000100000000)
  eden space 184320K, 0% used [0x00000000d5580000,0x00000000d5580000,0x00000000e0980000)
  from space 16896K, 0% used [0x00000000e1980000,0x00000000e1980000,0x00000000e2a00000)
  to   space 16384K, 0% used [0x00000000e0980000,0x00000000e0980000,0x00000000e1980000)
 ParOldGen       total 134144K, used 34041K [0x0000000080000000, 0x0000000088300000, 0x00000000d5580000)
  object space 134144K, 25% used [0x0000000080000000,0x000000008213e6c0,0x0000000088300000)
 Metaspace       used 56410K, capacity 58744K, committed 59028K, reserved 1099776K
  class space    used 7718K, capacity 8227K, committed 8320K, reserved 1048576K
}
Event: 10.682 GC heap before
{Heap before GC invocations=16 (full 3):
 PSYoungGen      total 201216K, used 184320K [0x00000000d5580000, 0x00000000e3b00000, 0x0000000100000000)
  eden space 184320K, 100% used [0x00000000d5580000,0x00000000e0980000,0x00000000e0980000)
  from space 16896K, 0% used [0x00000000e1980000,0x00000000e1980000,0x00000000e2a00000)
  to   space 16384K, 0% used [0x00000000e0980000,0x00000000e0980000,0x00000000e1980000)
 ParOldGen       total 134144K, used 34041K [0x0000000080000000, 0x0000000088300000, 0x00000000d5580000)
  object space 134144K, 25% used [0x0000000080000000,0x000000008213e6c0,0x0000000088300000)
 Metaspace       used 64077K, capacity 67426K, committed 67672K, reserved 1107968K
  class space    used 8878K, capacity 9568K, committed 9600K, reserved 1048576K
Event: 10.696 GC heap after
Heap after GC invocations=16 (full 3):
 PSYoungGen      total 200704K, used 16337K [0x00000000d5580000, 0x00000000e5280000, 0x0000000100000000)
  eden space 184320K, 0% used [0x00000000d5580000,0x00000000d5580000,0x00000000e0980000)
  from space 16384K, 99% used [0x00000000e0980000,0x00000000e1974790,0x00000000e1980000)
  to   space 18432K, 0% used [0x00000000e4080000,0x00000000e4080000,0x00000000e5280000)
 ParOldGen       total 134144K, used 34049K [0x0000000080000000, 0x0000000088300000, 0x00000000d5580000)
  object space 134144K, 25% used [0x0000000080000000,0x00000000821406c0,0x0000000088300000)
 Metaspace       used 64077K, capacity 67426K, committed 67672K, reserved 1107968K
  class space    used 8878K, capacity 9568K, committed 9600K, reserved 1048576K
}
Event: 13.857 GC heap before
{Heap before GC invocations=17 (full 3):
 PSYoungGen      total 200704K, used 200506K [0x00000000d5580000, 0x00000000e5280000, 0x0000000100000000)
  eden space 184320K, 99% used [0x00000000d5580000,0x00000000e095a340,0x00000000e0980000)
  from space 16384K, 99% used [0x00000000e0980000,0x00000000e1974790,0x00000000e1980000)
  to   space 18432K, 0% used [0x00000000e4080000,0x00000000e4080000,0x00000000e5280000)
 ParOldGen       total 134144K, used 34049K [0x0000000080000000, 0x0000000088300000, 0x00000000d5580000)
  object space 134144K, 25% used [0x0000000080000000,0x00000000821406c0,0x0000000088300000)
 Metaspace       used 73473K, capacity 77144K, committed 77400K, reserved 1116160K
  class space    used 10042K, capacity 10774K, committed 10880K, reserved 1048576K
Event: 13.881 GC heap after
Heap after GC invocations=17 (full 3):
 PSYoungGen      total 236032K, used 18412K [0x00000000d5580000, 0x00000000e5800000, 0x0000000100000000)
  eden space 217600K, 0% used [0x00000000d5580000,0x00000000d5580000,0x00000000e2a00000)
  from space 18432K, 99% used [0x00000000e4080000,0x00000000e527b0d0,0x00000000e5280000)
  to   space 23040K, 0% used [0x00000000e2a00000,0x00000000e2a00000,0x00000000e4080000)
 ParOldGen       total 134144K, used 39957K [0x0000000080000000, 0x0000000088300000, 0x00000000d5580000)
  object space 134144K, 29% used [0x0000000080000000,0x00000000827055b0,0x0000000088300000)
 Metaspace       used 73473K, capacity 77144K, committed 77400K, reserved 1116160K
  class space    used 10042K, capacity 10774K, committed 10880K, reserved 1048576K
}
Event: 17.018 GC heap before
{Heap before GC invocations=18 (full 3):
 PSYoungGen      total 236032K, used 236012K [0x00000000d5580000, 0x00000000e5800000, 0x0000000100000000)
  eden space 217600K, 100% used [0x00000000d5580000,0x00000000e2a00000,0x00000000e2a00000)
  from space 18432K, 99% used [0x00000000e4080000,0x00000000e527b0d0,0x00000000e5280000)
  to   space 23040K, 0% used [0x00000000e2a00000,0x00000000e2a00000,0x00000000e4080000)
 ParOldGen       total 134144K, used 39957K [0x0000000080000000, 0x0000000088300000, 0x00000000d5580000)
  object space 134144K, 29% used [0x0000000080000000,0x00000000827055b0,0x0000000088300000)
 Metaspace       used 76298K, capacity 79994K, committed 80216K, reserved 1118208K
  class space    used 10285K, capacity 11019K, committed 11136K, reserved 1048576K
Event: 17.278 GC heap after
Heap after GC invocations=18 (full 3):
 PSYoungGen      total 240640K, used 23032K [0x00000000d5580000, 0x00000000ea880000, 0x0000000100000000)
  eden space 217600K, 0% used [0x00000000d5580000,0x00000000d5580000,0x00000000e2a00000)
  from space 23040K, 99% used [0x00000000e2a00000,0x00000000e407e060,0x00000000e4080000)
  to   space 33280K, 0% used [0x00000000e8800000,0x00000000e8800000,0x00000000ea880000)
 ParOldGen       total 134144K, used 58432K [0x0000000080000000, 0x0000000088300000, 0x00000000d5580000)
  object space 134144K, 43% used [0x0000000080000000,0x0000000083910098,0x0000000088300000)
 Metaspace       used 76298K, capacity 79994K, committed 80216K, reserved 1118208K
  class space    used 10285K, capacity 11019K, committed 11136K, reserved 1048576K
}

